2025-07-29 10:16:20,101 |     INFO | core.Core | 初始化DataSegment: 8 个进程, chunk_size=200000
2025-07-29 10:16:20,101 |     INFO | core.Core | DataProcessor初始化: chunk_size=200000, n_processes=8
2025-07-29 10:16:20,119 |     INFO | core.Core | GPU加速可用: NVIDIA GeForce RTX 4060 Laptop GPU
2025-07-29 10:16:20,120 |     INFO | core.Core | GPU内存: 8.6GB
2025-07-29 10:16:20,120 |     INFO | core.Core | 并行训练设置: 32 进程，后端: threading
2025-07-29 10:16:20,120 |     INFO | core.Core | 训练器初始化完成
2025-07-29 10:16:20,120 |     INFO | core.Core | GPU推理可用: NVIDIA GeForce RTX 4060 Laptop GPU
2025-07-29 10:16:20,120 |     INFO | core.Core | GPU推理设置已优化
2025-07-29 10:16:20,130 |     INFO | core.Core | 推理批次大小: 3072
2025-07-29 10:16:20,131 |     INFO | core.Core | 预测器初始化完成
2025-07-29 10:16:20,131 |     INFO | core.Core | 核心控制器初始化完成
2025-07-29 10:16:20,131 |     INFO | core.Core | 开始完整流水线执行
2025-07-29 10:16:20,131 |     INFO | core.Core | 开始数据处理
2025-07-29 10:16:20,131 |     INFO | core.Core | 开始数据处理流水线
2025-07-29 10:16:20,132 |     INFO | core.Core | 所有输出文件已存在
2025-07-29 10:16:20,132 |     INFO | core.Core | process_pipeline 耗时: 0.00s
2025-07-29 10:16:20,132 |     INFO | core.Core | ✓ 数据处理完成
2025-07-29 10:16:20,133 |     INFO | core.Core | 开始模型训练
2025-07-29 10:16:20,133 |     INFO | core.Core | ✓ 训练数据检查通过: [0, 1, 2]
2025-07-29 10:16:20,133 |     INFO | core.Core | 开始训练所有段: [0, 1, 2]
2025-07-29 10:16:20,133 |     INFO | core.Core | 使用模型: ['XGBRanker', 'LGBMRanker', 'RankNet']
2025-07-29 10:16:20,133 |     INFO | core.Core | 
==================================================
2025-07-29 10:16:20,133 |     INFO | core.Core | 训练 segment_0
2025-07-29 10:16:20,134 |     INFO | core.Core | ==================================================
2025-07-29 10:16:20,134 |     INFO | core.Core | 开始CV训练 segment_0
2025-07-29 10:16:20,134 |    ERROR | core.Core | ✗ segment_0 训练失败: 训练文件不存在: data\aeroclub-recsys-2025\train\train_segment_0.parquet
2025-07-29 10:16:20,134 |     INFO | core.Core | 
==================================================
2025-07-29 10:16:20,134 |     INFO | core.Core | 训练 segment_1
2025-07-29 10:16:20,134 |     INFO | core.Core | ==================================================
2025-07-29 10:16:20,135 |     INFO | core.Core | 开始CV训练 segment_1
2025-07-29 10:16:20,135 |    ERROR | core.Core | ✗ segment_1 训练失败: 训练文件不存在: data\aeroclub-recsys-2025\train\train_segment_1.parquet
2025-07-29 10:16:20,135 |     INFO | core.Core | 
==================================================
2025-07-29 10:16:20,135 |     INFO | core.Core | 训练 segment_2
2025-07-29 10:16:20,135 |     INFO | core.Core | ==================================================
2025-07-29 10:16:20,135 |     INFO | core.Core | 开始CV训练 segment_2
2025-07-29 10:16:20,135 |    ERROR | core.Core | ✗ segment_2 训练失败: 训练文件不存在: data\aeroclub-recsys-2025\train\train_segment_2.parquet
2025-07-29 10:16:20,136 |     INFO | core.Core | 
============================================================
2025-07-29 10:16:20,136 |     INFO | core.Core | 训练总结
2025-07-29 10:16:20,136 |     INFO | core.Core | ============================================================
2025-07-29 10:16:20,136 |     INFO | core.Core | 总训练时间: 0.0s
2025-07-29 10:16:20,136 |     INFO | core.Core | 成功训练段数: 0
2025-07-29 10:16:20,136 |     INFO | core.Core | 
详细报告已保存到: data\aeroclub-recsys-2025\models\final_training_report.json
2025-07-29 10:16:20,136 |    ERROR | core.Core | ✗ 模型训练失败
2025-07-29 10:16:20,136 |    ERROR | core.Core | 模型训练失败
